mode: atomic
/Users/manish_warang/workspace_go_test/bdd-with-ginkgo/cart.go:18.23,19.20 1 46
/Users/manish_warang/workspace_go_test/bdd-with-ginkgo/cart.go:19.20,21.3 1 7
/Users/manish_warang/workspace_go_test/bdd-with-ginkgo/cart.go:25.32,27.43 2 16
/Users/manish_warang/workspace_go_test/bdd-with-ginkgo/cart.go:27.43,30.3 2 7
/Users/manish_warang/workspace_go_test/bdd-with-ginkgo/cart.go:30.8,33.3 2 9
/Users/manish_warang/workspace_go_test/bdd-with-ginkgo/cart.go:37.45,39.41 2 4
/Users/manish_warang/workspace_go_test/bdd-with-ginkgo/cart.go:39.41,40.28 1 3
/Users/manish_warang/workspace_go_test/bdd-with-ginkgo/cart.go:40.28,42.4 1 2
/Users/manish_warang/workspace_go_test/bdd-with-ginkgo/cart.go:42.9,45.4 2 1
/Users/manish_warang/workspace_go_test/bdd-with-ginkgo/cart.go:50.38,53.28 3 13
/Users/manish_warang/workspace_go_test/bdd-with-ginkgo/cart.go:56.2,56.20 1 13
/Users/manish_warang/workspace_go_test/bdd-with-ginkgo/cart.go:53.28,55.3 1 15
/Users/manish_warang/workspace_go_test/bdd-with-ginkgo/cart.go:60.33,63.28 3 13
/Users/manish_warang/workspace_go_test/bdd-with-ginkgo/cart.go:66.2,66.19 1 13
/Users/manish_warang/workspace_go_test/bdd-with-ginkgo/cart.go:63.28,65.3 1 15
/Users/manish_warang/workspace_go_test/bdd-with-ginkgo/cart.go:70.39,72.2 1 13
/Users/manish_warang/workspace_go_test/bdd-with-ginkgo/cart.go:75.43,79.2 3 0
